2023-12-12 05:17:03 get_headers
2023-12-12 05:17:32 request
2023-12-12 05:17:32 get_headers
2023-12-12 05:17:44 process_payment 2831
2023-12-12 05:17:44 process_pre_order 2831
2023-12-12 05:17:44 request
2023-12-12 05:17:44 get_headers
2023-12-12 05:17:44 maybe_disallow_prepaid_card
2023-12-12 05:17:45 complete_free_order 2831
2023-12-12 05:18:03 order_status_change
2023-12-12 05:18:03 send_order_confirmation_email
2023-12-12 05:27:27 request
2023-12-12 05:27:27 get_headers
2023-12-12 05:27:44 process_payment 2835
2023-12-12 05:27:44 process_pre_order 2835
2023-12-12 05:27:44 request
2023-12-12 05:27:44 get_headers
2023-12-12 05:27:44 maybe_disallow_prepaid_card
2023-12-12 05:27:45 complete_free_order 2835
2023-12-12 05:28:02 order_status_change
2023-12-12 05:28:03 start_send_order_confirmation_email
2023-12-12 05:28:03 send_order_confirmation_email
2023-12-12 05:28:04 order_status_change_completed
2023-12-12 05:35:40 request
2023-12-12 05:35:40 get_headers
2023-12-12 05:35:53 process_payment 2839
2023-12-12 05:35:53 process_pre_order 2839
2023-12-12 05:35:53 request
2023-12-12 05:35:53 get_headers
2023-12-12 05:35:53 maybe_disallow_prepaid_card
2023-12-12 05:35:54 complete_free_order 2839
2023-12-12 05:35:54 stripe_before_payment_complete
2023-12-12 05:36:11 order_status_change
2023-12-12 05:36:12 start_send_order_confirmation_email
2023-12-12 05:36:12 send_order_confirmation_email
2023-12-12 05:36:13 order_status_change_completed
2023-12-12 05:36:13 stripe_after_payment_complete
2023-12-12 05:45:37 request
2023-12-12 05:45:37 get_headers
2023-12-12 05:45:49 process_payment 2843
2023-12-12 05:45:49 process_pre_order 2843
2023-12-12 05:45:49 request
2023-12-12 05:45:49 get_headers
2023-12-12 05:45:50 maybe_disallow_prepaid_card
2023-12-12 05:45:51 complete_free_order 2843
2023-12-12 05:45:51 stripe_before_payment_complete
2023-12-12 05:46:08 stripe_after_payment_complete
2023-12-12 05:55:55 request
2023-12-12 05:55:55 get_headers
2023-12-12 05:55:58 request
2023-12-12 05:55:58 get_headers
2023-12-12 05:56:08 process_payment 2849
2023-12-12 05:56:08 process_pre_order 2849
2023-12-12 05:56:08 request
2023-12-12 05:56:08 get_headers
2023-12-12 05:56:08 request
2023-12-12 05:56:08 get_headers
2023-12-12 05:56:08 request
2023-12-12 05:56:08 get_headers
2023-12-12 05:56:09 maybe_disallow_prepaid_card
2023-12-12 05:56:09 complete_free_order 2849
2023-12-12 05:56:09 stripe_before_payment_complete
2023-12-12 05:56:26 order_status_change
2023-12-12 05:56:27 start_send_order_confirmation_email
2023-12-12 05:56:27 send_order_confirmation_email
2023-12-12 05:56:28 order_status_change_completed
2023-12-12 05:56:28 stripe_after_payment_complete
2023-12-12 06:00:18 request
2023-12-12 06:00:18 get_headers
2023-12-12 06:00:22 request
2023-12-12 06:00:22 get_headers
2023-12-12 06:00:33 process_payment 2855
2023-12-12 06:00:33 process_pre_order 2855
2023-12-12 06:00:33 request
2023-12-12 06:00:33 get_headers
2023-12-12 06:00:33 request
2023-12-12 06:00:33 get_headers
2023-12-12 06:00:33 request
2023-12-12 06:00:33 get_headers
2023-12-12 06:00:34 maybe_disallow_prepaid_card
2023-12-12 06:00:35 complete_free_order 2855
2023-12-12 06:00:35 stripe_before_payment_complete
2023-12-12 06:00:52 order_status_change
2023-12-12 06:00:53 start_send_order_confirmation_email
2023-12-12 06:00:53 send_order_confirmation_email
2023-12-12 06:00:54 order_status_change_completed
2023-12-12 06:00:54 stripe_after_payment_complete
2023-12-12 06:06:09 request
2023-12-12 06:06:09 get_headers
2023-12-12 06:06:29 process_payment 2859
2023-12-12 06:06:29 process_pre_order 2859
2023-12-12 06:06:29 request
2023-12-12 06:06:29 get_headers
2023-12-12 06:06:29 maybe_disallow_prepaid_card
2023-12-12 06:06:30 complete_free_order 2859
2023-12-12 06:06:30 stripe_before_payment_complete
2023-12-12 06:06:47 order_status_change
2023-12-12 06:06:48 start_send_order_confirmation_email
2023-12-12 06:06:48 send_order_confirmation_email
2023-12-12 06:06:49 order_status_change_completed
2023-12-12 06:06:49 stripe_after_payment_complete
2023-12-12 06:13:29 request
2023-12-12 06:13:29 get_headers
2023-12-12 06:13:41 process_payment 2865
2023-12-12 06:13:41 process_pre_order 2865
2023-12-12 06:13:41 request
2023-12-12 06:13:41 get_headers
2023-12-12 06:13:42 maybe_disallow_prepaid_card
2023-12-12 06:13:42 complete_free_order 2865
2023-12-12 06:13:42 stripe_before_payment_complete
2023-12-12 06:13:59 order_status_change
2023-12-12 06:14:00 start_send_order_confirmation_email
2023-12-12 06:14:00 send_order_confirmation_email
2023-12-12 06:14:01 order_status_change_completed
2023-12-12 06:14:01 stripe_after_payment_complete
2023-12-12 06:14:49 request
2023-12-12 06:14:49 get_headers
2023-12-12 06:15:02 process_payment 2869
2023-12-12 06:15:02 process_pre_order 2869
2023-12-12 06:15:02 request
2023-12-12 06:15:02 get_headers
2023-12-12 06:15:03 maybe_disallow_prepaid_card
2023-12-12 06:15:04 complete_free_order 2869
2023-12-12 06:15:04 stripe_before_payment_complete
2023-12-12 06:15:20 order_status_change
2023-12-12 06:15:21 start_send_order_confirmation_email
2023-12-12 06:15:21 send_order_confirmation_email
2023-12-12 06:15:22 order_status_change_completed
2023-12-12 06:15:22 stripe_after_payment_complete
2023-12-12 07:12:21 process_payment 2895
2023-12-12 07:12:21 process_pre_order 2895
2023-12-12 07:12:22 maybe_disallow_prepaid_card
2023-12-12 07:12:23 complete_free_order 2895
2023-12-12 07:12:23 before_payment_complete
2023-12-12 07:12:23 woocommerce_pre_payment_complete
2023-12-12 07:12:23 after_woocommerce_pre_payment_complete
2023-12-12 07:12:39 after_savewoocommerce_payment_complete_order_status
2023-12-12 07:12:43 after_payment_complete
2023-12-12 07:17:25 process_payment 2899
2023-12-12 07:17:25 process_pre_order 2899
2023-12-12 07:17:26 maybe_disallow_prepaid_card
2023-12-12 07:17:27 complete_free_order 2899
2023-12-12 07:17:27 before_payment_complete
2023-12-12 07:17:27 woocommerce_pre_payment_complete
2023-12-12 07:17:27 after_woocommerce_pre_payment_complete
2023-12-12 07:17:27 filter_woocommerce_payment_complete_order_status
2023-12-12 07:17:27 before_save_woocommerce_payment_complete_order_status
2023-12-12 07:17:42 after_savewoocommerce_payment_complete_order_status
2023-12-12 07:17:45 after_payment_complete
